[debug] [2024-11-03T08:35:10.557Z] ----------------------------------------------------------------------
[debug] [2024-11-03T08:35:10.560Z] Command:       C:\Program Files\nodejs\node.exe C:\Users\Owner\AppData\Roaming\npm\node_modules\firebase-tools\lib\bin\firebase.js init
[debug] [2024-11-03T08:35:10.560Z] CLI Version:   13.23.1
[debug] [2024-11-03T08:35:10.560Z] Platform:      win32
[debug] [2024-11-03T08:35:10.560Z] Node Version:  v20.16.0
[debug] [2024-11-03T08:35:10.561Z] Time:          Sun Nov 03 2024 10:35:10 GMT+0200 (שעון ישראל (חורף))
[debug] [2024-11-03T08:35:10.561Z] ----------------------------------------------------------------------
[debug] 
[debug] [2024-11-03T08:35:10.567Z] > command requires scopes: ["email","openid","https://www.googleapis.com/auth/cloudplatformprojects.readonly","https://www.googleapis.com/auth/firebase","https://www.googleapis.com/auth/cloud-platform"]
[debug] [2024-11-03T08:35:10.567Z] > authorizing via signed-in user (osnatbarnea1@gmail.com)
[info] 
     ######## #### ########  ######## ########     ###     ######  ########
     ##        ##  ##     ## ##       ##     ##  ##   ##  ##       ##
     ######    ##  ########  ######   ########  #########  ######  ######
     ##        ##  ##    ##  ##       ##     ## ##     ##       ## ##
     ##       #### ##     ## ######## ########  ##     ##  ######  ########

You're about to initialize a Firebase project in this directory:

  D:\Software development John Bryce\Web fullstack course 4578_102\My projects\PortfolioProjects\weatherReact

[info] 
=== Project Setup
[info] 
[info] First, let's associate this project directory with a Firebase project.
[info] You can create multiple project aliases by running firebase use --add, 
[info] but for now we'll just set up a default project.
[info] 
[debug] [2024-11-03T08:36:02.377Z] Checked if tokens are valid: false, expires at: 1725283318773
[debug] [2024-11-03T08:36:02.377Z] Checked if tokens are valid: false, expires at: 1725283318773
[debug] [2024-11-03T08:36:02.378Z] > refreshing access token with scopes: []
[debug] [2024-11-03T08:36:02.380Z] >>> [apiv2][query] POST https://www.googleapis.com/oauth2/v3/token [none]
[debug] [2024-11-03T08:36:02.380Z] >>> [apiv2][body] POST https://www.googleapis.com/oauth2/v3/token [omitted]
[debug] [2024-11-03T08:36:02.626Z] <<< [apiv2][status] POST https://www.googleapis.com/oauth2/v3/token 200
[debug] [2024-11-03T08:36:02.626Z] <<< [apiv2][body] POST https://www.googleapis.com/oauth2/v3/token [omitted]
[debug] [2024-11-03T08:36:02.639Z] >>> [apiv2][query] GET https://firebase.googleapis.com/v1beta1/projects pageSize=100
[debug] [2024-11-03T08:36:03.098Z] <<< [apiv2][status] GET https://firebase.googleapis.com/v1beta1/projects 200
[debug] [2024-11-03T08:36:03.099Z] <<< [apiv2][body] GET https://firebase.googleapis.com/v1beta1/projects [omitted]
[debug] [2024-11-03T08:38:05.420Z] ----------------------------------------------------------------------
[debug] [2024-11-03T08:38:05.423Z] Command:       C:\Program Files\nodejs\node.exe C:\Users\Owner\AppData\Roaming\npm\node_modules\firebase-tools\lib\bin\firebase.js init
[debug] [2024-11-03T08:38:05.424Z] CLI Version:   13.23.1
[debug] [2024-11-03T08:38:05.424Z] Platform:      win32
[debug] [2024-11-03T08:38:05.424Z] Node Version:  v20.16.0
[debug] [2024-11-03T08:38:05.424Z] Time:          Sun Nov 03 2024 10:38:05 GMT+0200 (שעון ישראל (חורף))
[debug] [2024-11-03T08:38:05.424Z] ----------------------------------------------------------------------
[debug] 
[debug] [2024-11-03T08:38:05.430Z] > command requires scopes: ["email","openid","https://www.googleapis.com/auth/cloudplatformprojects.readonly","https://www.googleapis.com/auth/firebase","https://www.googleapis.com/auth/cloud-platform"]
[debug] [2024-11-03T08:38:05.430Z] > authorizing via signed-in user (osnatbarnea1@gmail.com)
[info] 
     ######## #### ########  ######## ########     ###     ######  ########
     ##        ##  ##     ## ##       ##     ##  ##   ##  ##       ##
     ######    ##  ########  ######   ########  #########  ######  ######
     ##        ##  ##    ##  ##       ##     ## ##     ##       ## ##
     ##       #### ##     ## ######## ########  ##     ##  ######  ########

You're about to initialize a Firebase project in this directory:

  D:\Software development John Bryce\Web fullstack course 4578_102\My projects\PortfolioProjects\weatherReact

[info] 
=== Project Setup
[info] 
[info] First, let's associate this project directory with a Firebase project.
[info] You can create multiple project aliases by running firebase use --add, 
[info] but for now we'll just set up a default project.
[info] 
[debug] [2024-11-03T08:38:30.172Z] Checked if tokens are valid: true, expires at: 1730626561626
[debug] [2024-11-03T08:38:30.172Z] Checked if tokens are valid: true, expires at: 1730626561626
[debug] [2024-11-03T08:38:30.174Z] >>> [apiv2][query] GET https://firebase.googleapis.com/v1beta1/projects pageSize=100
[debug] [2024-11-03T08:38:30.699Z] <<< [apiv2][status] GET https://firebase.googleapis.com/v1beta1/projects 200
[debug] [2024-11-03T08:38:30.699Z] <<< [apiv2][body] GET https://firebase.googleapis.com/v1beta1/projects [omitted]
